<?xml version="1.0" encoding="UTF-8" ?>
<testsuites errors="1"
            failures="1"
            tests="4">

  <testsuite name="DashboardTest"
    errors="1" failures="1" hostname="" id="" package="DashboardTest" skipped="6"
    tests="4" time="27.16" timestamp="">
  
    <testcase name="1.Verify user should be able to see Welcome text :" classname="DashboardTest" time="3.769" assertions="2">

    

    
    </testcase>
  
    <testcase name="2.Verify user should be able to see all fields in dashboard page ) :" classname="DashboardTest" time="0.001000" assertions="0">
    </testcase>
  
    <testcase name="3.Verify user should be able to navigate profile page through Profile picture :" classname="DashboardTest" time="0.1980" assertions="2">

    

    
    </testcase>
  
    <testcase name="4.Verify user should be able Search a Nasher :" classname="DashboardTest" time="7.729" assertions="2">

      <failure message="Expected element &lt;div[class=&#39;d-flex flex-column align-items-center&#39;] div h3&gt; text to contain: &#34;Gaurav Kumar Shukla&#34; - element was not found - expected &#34;contain &#39;Gaurav Kumar Shukla&#39;&#34; but got: &#34;not present&#34; (5405ms)">    at DescribeInstance.&lt;anonymous&gt; (/home/knoldus/Desktop/Go1_Percent_Testing/test/DashboardTest.js:43:30)</failure>

    
    <error message="Unable to locate element: div[class=&#39;d-flex flex-column align-items-center&#39;] div h3 using css selector" type="error"><![CDATA[
    NoSuchElementError: Unable to locate element: div[class=&#39;d-flex flex-column align-items-center&#39;] div h3 using css selector
    at throwDecodedError (/home/knoldus/Desktop/Go1_Percent_Testing/node_modules/selenium-webdriver/lib/error.js:524:15)
    at ChromeDriver.handleErrorResponse (/home/knoldus/Desktop/Go1_Percent_Testing/node_modules/nightwatch/lib/transport/selenium-webdriver/index.js:400:7)
    at TransportActions.makeResult (/home/knoldus/Desktop/Go1_Percent_Testing/node_modules/nightwatch/lib/transport/selenium-webdriver/actions.js:85:20)
    at Object.locateMultipleElements (/home/knoldus/Desktop/Go1_Percent_Testing/node_modules/nightwatch/lib/transport/selenium-webdriver/actions.js:71:21)
    at process.processTicksAndRejections (node:internal/process/task_queues:95:5)
    at async LocateElement.findElement (/home/knoldus/Desktop/Go1_Percent_Testing/node_modules/nightwatch/lib/element/locator.js:167:20)
    ]]></error>
    
    </testcase>
  

  
    <system-err>
       NoSuchElementError
   An element could not be located on the page using the given search parameters.

    Try fixing by :
    1. Please inspect the html before the step
    2. Verify if an element with the mentioned selector is present in the DOM tree
    </system-err>
  

    

  
    
    <testcase
      name="5.Verify user should be able to Change to French Language from dropdown :" classname="DashboardTest">
      <skipped />
    </testcase>
    
    <testcase
      name="6. Verify user should be able to Change to English Language from dropdown :" classname="DashboardTest">
      <skipped />
    </testcase>
    
    <testcase
      name="7. Verify user should be able to Change Application view to Light Mode :" classname="DashboardTest">
      <skipped />
    </testcase>
    
    <testcase
      name="8.Verify user should be able to Change Application view to Dark Mode :" classname="DashboardTest">
      <skipped />
    </testcase>
    
    <testcase
      name="9.Verify user should be able to see Last Contribution  :" classname="DashboardTest">
      <skipped />
    </testcase>
    
    <testcase
      name="10.Verify user should be able to see Contribution on Motivation tile :" classname="DashboardTest">
      <skipped />
    </testcase>
    
  
  </testsuite>
</testsuites>
