<?xml version="1.0" encoding="UTF-8" ?>
<testsuites errors="1"
            failures="1"
            tests="1">

  <testsuite name="Dashboard_MyDashboardTest"
    errors="1" failures="1" hostname="" id="" package="Dashboard_MyDashboardTest" skipped="20"
    tests="1" time="14.26" timestamp="">
  
    <testcase name="1.Verify user should be able to see Welcome text :" classname="Dashboard_MyDashboardTest" time="5.427" assertions="1">  <failure message="Expected element @welcomeMessage &lt;.ml-1.mt-4.text-div&gt; text to contain: &#34;Welcome, Test Employee&#34; - element was not found - expected &#34;contain &#39;Welcome, Test Employee&#39;&#34; but got: &#34;not present&#34; (5355ms)">    at DescribeInstance.&lt;anonymous&gt; (/home/knoldus/Desktop/Go1_Percent_Testing/test/Dashboard_MyDashboardTest.js:16:8)</failure>

    
    <error message="Unable to locate element: .ml-1.mt-4.text-div using css selector" type="error"><![CDATA[
    NoSuchElementError: Unable to locate element: .ml-1.mt-4.text-div using css selector
    at throwDecodedError (/home/knoldus/Desktop/Go1_Percent_Testing/node_modules/selenium-webdriver/lib/error.js:524:15)
    at ChromeDriver.handleErrorResponse (/home/knoldus/Desktop/Go1_Percent_Testing/node_modules/nightwatch/lib/transport/selenium-webdriver/index.js:400:7)
    at TransportActions.makeResult (/home/knoldus/Desktop/Go1_Percent_Testing/node_modules/nightwatch/lib/transport/selenium-webdriver/actions.js:85:20)
    at Object.locateMultipleElements (/home/knoldus/Desktop/Go1_Percent_Testing/node_modules/nightwatch/lib/transport/selenium-webdriver/actions.js:71:21)
    at process.processTicksAndRejections (node:internal/process/task_queues:95:5)
    at async LocateElement.findElement (/home/knoldus/Desktop/Go1_Percent_Testing/node_modules/nightwatch/lib/element/locator.js:167:20)
    ]]></error>
    
    </testcase>
  

  
    <system-err>
       NoSuchElementError
   An element could not be located on the page using the given search parameters.

    Try fixing by :
    1. Please inspect the html before the step
    2. Verify if an element with the mentioned selector is present in the DOM tree
    </system-err>
  

    

  
    
    <testcase
      name="2.Verify user should be able to see all fields in dashboard page ) :" classname="Dashboard_MyDashboardTest">
      <skipped />
    </testcase>
    
    <testcase
      name="3.Verify user should be able to navigate profile page through Profile picture :" classname="Dashboard_MyDashboardTest">
      <skipped />
    </testcase>
    
    <testcase
      name="4.Verify user should be able Search a Nasher :" classname="Dashboard_MyDashboardTest">
      <skipped />
    </testcase>
    
    <testcase
      name="5.Verify user should be able to Change to French Language from dropdown :" classname="Dashboard_MyDashboardTest">
      <skipped />
    </testcase>
    
    <testcase
      name="6. Verify user should be able to Change to English Language from dropdown :" classname="Dashboard_MyDashboardTest">
      <skipped />
    </testcase>
    
    <testcase
      name="7. Verify user should be able to Change Application view to Light Mode :" classname="Dashboard_MyDashboardTest">
      <skipped />
    </testcase>
    
    <testcase
      name="8.Verify user should be able to Change Application view to Dark Mode :" classname="Dashboard_MyDashboardTest">
      <skipped />
    </testcase>
    
    <testcase
      name="9.Verify user should be able to see Last Contribution  :" classname="Dashboard_MyDashboardTest">
      <skipped />
    </testcase>
    
    <testcase
      name="10.Verify user should be able to see Contribution on Motivation tile :" classname="Dashboard_MyDashboardTest">
      <skipped />
    </testcase>
    
    <testcase
      name="11.Verify user should be able to Like specific Contribution :" classname="Dashboard_MyDashboardTest">
      <skipped />
    </testcase>
    
    <testcase
      name="12. Verify user should be able to Dislike specific Contribution :" classname="Dashboard_MyDashboardTest">
      <skipped />
    </testcase>
    
    <testcase
      name="15.Verify user should be able to click see all button for Daily motivation tile  :" classname="Dashboard_MyDashboardTest">
      <skipped />
    </testcase>
    
    <testcase
      name="14. Verify use should be able to Share specific Contribution on social media  :" classname="Dashboard_MyDashboardTest">
      <skipped />
    </testcase>
    
    <testcase
      name="16. Verify user should be able to navigate Profile page through Settings button  :" classname="Dashboard_MyDashboardTest">
      <skipped />
    </testcase>
    
    <testcase
      name="24.Verify user should not be able to Redeem Rewards if points not sufficient :" classname="Dashboard_MyDashboardTest">
      <skipped />
    </testcase>
    
    <testcase
      name="20.Verify user should be able to click on points and redirect to profile page :" classname="Dashboard_MyDashboardTest">
      <skipped />
    </testcase>
    
    <testcase
      name="21.Verify user should be able to click on Overall ranks and redirect to profile page  :" classname="Dashboard_MyDashboardTest">
      <skipped />
    </testcase>
    
    <testcase
      name="22.Verify user should be able to click on Overall score and redirect to profile page :" classname="Dashboard_MyDashboardTest">
      <skipped />
    </testcase>
    
    <testcase
      name="23. Verify that user should be able to click on profile pic and redirect to profile page  :" classname="Dashboard_MyDashboardTest">
      <skipped />
    </testcase>
    
    <testcase
      name="18.Verify user should be able to Logout through Settings button  :" classname="Dashboard_MyDashboardTest">
      <skipped />
    </testcase>
    
  
  </testsuite>
</testsuites>
